{"level":"info","message":"[✓] All item IDs in wheel_items.json are valid.","timestamp":"2025-07-24T22:35:39.139Z"}
{"level":"info","message":"[✓] All item IDs in shop_items.json are valid.","timestamp":"2025-07-24T22:35:39.144Z"}
{"level":"info","message":"[✓] Loaded 4 wheel_items into memory","timestamp":"2025-07-24T22:35:39.146Z"}
{"level":"info","message":"[✓] All item IDs in hourly_reward_items.json are valid.","timestamp":"2025-07-24T22:35:39.147Z"}
{"level":"info","message":"[✓] Loaded 4 shop_items into memory","timestamp":"2025-07-24T22:35:39.153Z"}
{"level":"info","message":"[✓] Loaded 0 hourly_reward_items into memory","timestamp":"2025-07-24T22:35:39.154Z"}
{"level":"info","message":"[✓] All item IDs in wheel_items.json are valid.","timestamp":"2025-07-24T22:36:10.424Z"}
{"level":"info","message":"[✓] Loaded 4 wheel_items into memory","timestamp":"2025-07-24T22:36:10.429Z"}
{"level":"info","message":"[✓] All item IDs in shop_items.json are valid.","timestamp":"2025-07-24T22:36:10.434Z"}
{"level":"info","message":"[✓] Loaded 4 shop_items into memory","timestamp":"2025-07-24T22:36:10.436Z"}
{"level":"info","message":"[✓] All item IDs in hourly_reward_items.json are valid.","timestamp":"2025-07-24T22:36:10.438Z"}
{"level":"info","message":"[✓] Loaded 0 hourly_reward_items into memory","timestamp":"2025-07-24T22:36:10.445Z"}
{"level":"info","message":"[✓] All item IDs in wheel_items.json are valid.","timestamp":"2025-07-24T22:36:33.470Z"}
{"level":"info","message":"[✓] Loaded 4 wheel_items into memory","timestamp":"2025-07-24T22:36:33.475Z"}
{"level":"info","message":"[✓] All item IDs in shop_items.json are valid.","timestamp":"2025-07-24T22:36:33.480Z"}
{"level":"info","message":"[✓] Loaded 4 shop_items into memory","timestamp":"2025-07-24T22:36:33.482Z"}
{"level":"info","message":"[✓] All item IDs in hourly_reward_items.json are valid.","timestamp":"2025-07-24T22:36:33.485Z"}
{"level":"info","message":"[✓] Loaded 0 hourly_reward_items into memory","timestamp":"2025-07-24T22:36:33.493Z"}
{"level":"info","message":"[✓] All item IDs in wheel_items.json are valid.","timestamp":"2025-07-24T22:40:20.595Z"}
{"level":"info","message":"[✓] All item IDs in shop_items.json are valid.","timestamp":"2025-07-24T22:40:20.605Z"}
{"level":"info","message":"[✓] Loaded 4 wheel_items into memory","timestamp":"2025-07-24T22:40:20.607Z"}
{"level":"info","message":"[✓] All item IDs in hourly_reward_items.json are valid.","timestamp":"2025-07-24T22:40:20.609Z"}
{"level":"info","message":"[✓] Loaded 4 shop_items into memory","timestamp":"2025-07-24T22:40:20.615Z"}
{"level":"info","message":"[✓] Loaded 0 hourly_reward_items into memory","timestamp":"2025-07-24T22:40:20.617Z"}
{"level":"info","message":"[✓] All item IDs in wheel_items.json are valid.","timestamp":"2025-07-24T22:42:19.801Z"}
{"level":"info","message":"[✓] Loaded 4 wheel_items into memory","timestamp":"2025-07-24T22:42:19.805Z"}
{"level":"info","message":"[✓] All item IDs in shop_items.json are valid.","timestamp":"2025-07-24T22:42:19.809Z"}
{"level":"info","message":"[✓] All item IDs in hourly_reward_items.json are valid.","timestamp":"2025-07-24T22:42:19.811Z"}
{"level":"info","message":"[✓] Loaded 4 shop_items into memory","timestamp":"2025-07-24T22:42:19.817Z"}
{"level":"info","message":"[✓] Loaded 0 hourly_reward_items into memory","timestamp":"2025-07-24T22:42:19.818Z"}
